app/build/intermediates/manifest_merge_blame_file/debug/manifest-merger-blame-debug-report.txt
1<?xml version="1.0" encoding="utf-8"?>
2<manifest xmlns:android="http://schemas.android.com/apk/res/android"
3    package="vyrus.bikegps"
4    android:versionCode="4"
5    android:versionName="1" >
6
7    <uses-sdk
8        android:minSdkVersion="24"
8-->src\main\AndroidManifest.xml
9        android:targetSdkVersion="28" />
9-->src\main\AndroidManifest.xml
10
11    <uses-permission android:name="android.permission.INTERNET" />
11-->src\main\AndroidManifest.xml:5:5-67
11-->src\main\AndroidManifest.xml:5:22-64
12    <uses-permission android:name="android.permission.ACCESS_NETWORK_STATE" />
12-->src\main\AndroidManifest.xml:6:5-79
12-->src\main\AndroidManifest.xml:6:22-76
13    <uses-permission android:name="android.permission.WRITE_EXTERNAL_STORAGE" />
13-->src\main\AndroidManifest.xml:7:5-81
13-->src\main\AndroidManifest.xml:7:22-78
14    <uses-permission android:name="android.permission.READ_EXTERNAL_STORAGE" />
14-->src\main\AndroidManifest.xml:8:5-80
14-->src\main\AndroidManifest.xml:8:22-77
15    <uses-permission android:name="android.permission.ACCESS_FINE_LOCATION" />
15-->src\main\AndroidManifest.xml:9:5-79
15-->src\main\AndroidManifest.xml:9:22-76
16    <uses-permission android:name="android.permission.ACCESS_LOCATION_EXTRA_COMMANDS" />
16-->src\main\AndroidManifest.xml:10:5-89
16-->src\main\AndroidManifest.xml:10:22-86
17    <uses-permission android:name="android.permission.ACCESS_COARSE_LOCATION" />
17-->src\main\AndroidManifest.xml:11:5-81
17-->src\main\AndroidManifest.xml:11:22-78
18
19    <uses-feature
19-->src\main\AndroidManifest.xml:13:5-15:35
20        android:name="android.hardware.location"
20-->src\main\AndroidManifest.xml:14:9-49
21        android:required="true" />
21-->src\main\AndroidManifest.xml:15:9-32
22    <uses-feature
22-->src\main\AndroidManifest.xml:16:5-18:36
23        android:name="android.hardware.location.gps"
23-->src\main\AndroidManifest.xml:17:9-53
24        android:required="false" />
24-->src\main\AndroidManifest.xml:18:9-33
25    <!-- Optional permission for Analytics to run. -->
26    <uses-permission android:name="android.permission.WAKE_LOCK" /> <!-- Permissions required for GCM -->
26-->[com.google.android.gms:play-services-analytics:9.4.0] AndroidManifest.xml:25:5-67
26-->[com.google.android.gms:play-services-analytics:9.4.0] AndroidManifest.xml:25:22-65
27    <uses-permission android:name="com.google.android.c2dm.permission.RECEIVE" />
27-->[com.google.android.gms:play-services-gcm:9.4.0] AndroidManifest.xml:21:5-82
27-->[com.google.android.gms:play-services-gcm:9.4.0] AndroidManifest.xml:21:22-79
28
29    <uses-feature
29-->[com.google.android.gms:play-services-maps:9.4.0] AndroidManifest.xml:22:5-24:33
30        android:glEsVersion="0x00020000"
30-->[com.google.android.gms:play-services-maps:9.4.0] AndroidManifest.xml:23:8-40
31        android:required="true" />
31-->[com.google.android.gms:play-services-maps:9.4.0] AndroidManifest.xml:24:8-31
32
33    <permission
33-->[com.google.firebase:firebase-iid:9.4.0] AndroidManifest.xml:25:5-26:47
34        android:name="vyrus.bikegps.permission.C2D_MESSAGE"
34-->[com.google.firebase:firebase-iid:9.4.0] AndroidManifest.xml:25:17-71
35        android:protectionLevel="signature" />
35-->[com.google.firebase:firebase-iid:9.4.0] AndroidManifest.xml:26:9-44
36
37    <uses-permission android:name="vyrus.bikegps.permission.C2D_MESSAGE" />
37-->[com.google.firebase:firebase-iid:9.4.0] AndroidManifest.xml:28:5-79
37-->[com.google.firebase:firebase-iid:9.4.0] AndroidManifest.xml:28:22-76
38
39    <application
39-->src\main\AndroidManifest.xml:20:5-57:19
40        android:name="android.support.multidex.MultiDexApplication"
40-->src\main\AndroidManifest.xml:21:9-68
41        android:allowBackup="true"
41-->src\main\AndroidManifest.xml:22:9-35
42        android:appComponentFactory="android.support.v4.app.CoreComponentFactory"
42-->[com.android.support:support-compat:28.0.0] AndroidManifest.xml:22:18-91
43        android:debuggable="true"
44        android:extractNativeLibs="false"
45        android:hardwareAccelerated="true"
45-->src\main\AndroidManifest.xml:23:9-43
46        android:icon="@mipmap/ic_icon"
46-->src\main\AndroidManifest.xml:24:9-39
47        android:label="@string/app_name"
47-->src\main\AndroidManifest.xml:25:9-41
48        android:supportsRtl="true"
48-->src\main\AndroidManifest.xml:26:9-35
49        android:theme="@style/AppTheme" >
49-->src\main\AndroidManifest.xml:27:9-40
50        <meta-data
50-->src\main\AndroidManifest.xml:29:9-31:71
51            android:name="com.google.android.geo.API_KEY"
51-->src\main\AndroidManifest.xml:30:13-58
52            android:value="AIzaSyAlWtaoBaP3gvxIHd6ju_Xd9agMRin4fZ4" />
52-->src\main\AndroidManifest.xml:31:13-68
53
54        <activity
54-->src\main\AndroidManifest.xml:33:9-44:20
55            android:name="vyrus.bikegps.activity.SponsorActivity"
55-->src\main\AndroidManifest.xml:34:13-53
56            android:configChanges="orientation|keyboardHidden"
56-->src\main\AndroidManifest.xml:35:13-63
57            android:label="@string/title_activity_navigation__slider"
57-->src\main\AndroidManifest.xml:36:13-70
58            android:screenOrientation="portrait"
58-->src\main\AndroidManifest.xml:37:13-49
59            android:theme="@android:style/Theme.Light.NoTitleBar.Fullscreen" >
59-->src\main\AndroidManifest.xml:38:13-77
60            <intent-filter>
60-->src\main\AndroidManifest.xml:39:13-43:29
61                <action android:name="android.intent.action.MAIN" />
61-->src\main\AndroidManifest.xml:40:17-69
61-->src\main\AndroidManifest.xml:40:25-66
62
63                <category android:name="android.intent.category.LAUNCHER" />
63-->src\main\AndroidManifest.xml:42:17-77
63-->src\main\AndroidManifest.xml:42:27-74
64            </intent-filter>
65        </activity>
66        <activity
66-->src\main\AndroidManifest.xml:45:9-50:59
67            android:name="vyrus.bikegps.activity.MainActivity"
67-->src\main\AndroidManifest.xml:46:13-50
68            android:configChanges="orientation|keyboardHidden"
68-->src\main\AndroidManifest.xml:47:13-63
69            android:label="@string/title_activity_navigation__slider"
69-->src\main\AndroidManifest.xml:48:13-70
70            android:screenOrientation="portrait"
70-->src\main\AndroidManifest.xml:49:13-49
71            android:theme="@style/AppTheme.NoActionBar" />
71-->src\main\AndroidManifest.xml:50:13-56
72        <activity
72-->src\main\AndroidManifest.xml:51:9-56:80
73            android:name="vyrus.bikegps.activity.LoadingActivity"
73-->src\main\AndroidManifest.xml:52:13-53
74            android:configChanges="orientation|keyboardHidden"
74-->src\main\AndroidManifest.xml:53:13-63
75            android:label="@string/title_activity_navigation__slider"
75-->src\main\AndroidManifest.xml:54:13-70
76            android:screenOrientation="portrait"
76-->src\main\AndroidManifest.xml:55:13-49
77            android:theme="@android:style/Theme.Light.NoTitleBar.Fullscreen" />
77-->src\main\AndroidManifest.xml:56:13-77
78
79        <receiver android:name="com.google.android.gms.cast.framework.media.MediaIntentReceiver" />
79-->[com.google.android.gms:play-services-cast-framework:9.4.0] AndroidManifest.xml:6:9-100
79-->[com.google.android.gms:play-services-cast-framework:9.4.0] AndroidManifest.xml:6:19-97
80
81        <service android:name="com.google.android.gms.cast.framework.media.MediaNotificationService" />
81-->[com.google.android.gms:play-services-cast-framework:9.4.0] AndroidManifest.xml:7:9-104
81-->[com.google.android.gms:play-services-cast-framework:9.4.0] AndroidManifest.xml:7:18-101
82        <service android:name="com.google.android.gms.cast.framework.ReconnectionService" /> <!-- Include the AdActivity and InAppPurchaseActivity configChanges and themes. -->
82-->[com.google.android.gms:play-services-cast-framework:9.4.0] AndroidManifest.xml:8:9-92
82-->[com.google.android.gms:play-services-cast-framework:9.4.0] AndroidManifest.xml:8:18-90
83        <activity
83-->[com.google.android.gms:play-services-ads-lite:9.4.0] AndroidManifest.xml:26:9-29:64
84            android:name="com.google.android.gms.ads.AdActivity"
84-->[com.google.android.gms:play-services-ads-lite:9.4.0] AndroidManifest.xml:27:13-65
85            android:configChanges="keyboard|keyboardHidden|orientation|screenLayout|uiMode|screenSize|smallestScreenSize"
85-->[com.google.android.gms:play-services-ads-lite:9.4.0] AndroidManifest.xml:28:13-122
86            android:theme="@android:style/Theme.Translucent" />
86-->[com.google.android.gms:play-services-ads-lite:9.4.0] AndroidManifest.xml:29:13-61
87        <activity
87-->[com.google.android.gms:play-services-ads-lite:9.4.0] AndroidManifest.xml:30:9-31:52
88            android:name="com.google.android.gms.ads.purchase.InAppPurchaseActivity"
88-->[com.google.android.gms:play-services-ads-lite:9.4.0] AndroidManifest.xml:30:19-91
89            android:theme="@style/Theme.IAPTheme" />
89-->[com.google.android.gms:play-services-ads-lite:9.4.0] AndroidManifest.xml:31:13-50
90        <activity
90-->[com.google.android.gms:play-services-appinvite:9.4.0] AndroidManifest.xml:21:9-29:20
91            android:name="com.google.android.gms.appinvite.PreviewActivity"
91-->[com.google.android.gms:play-services-appinvite:9.4.0] AndroidManifest.xml:22:17-48
92            android:exported="true"
92-->[com.google.android.gms:play-services-appinvite:9.4.0] AndroidManifest.xml:23:17-40
93            android:theme="@style/Theme.AppInvite.Preview" >
93-->[com.google.android.gms:play-services-appinvite:9.4.0] AndroidManifest.xml:24:17-63
94            <intent-filter>
94-->[com.google.android.gms:play-services-appinvite:9.4.0] AndroidManifest.xml:25:13-28:29
95                <action android:name="com.google.android.gms.appinvite.ACTION_PREVIEW" />
95-->[com.google.android.gms:play-services-appinvite:9.4.0] AndroidManifest.xml:26:17-89
95-->[com.google.android.gms:play-services-appinvite:9.4.0] AndroidManifest.xml:26:25-87
96
97                <category android:name="android.intent.category.DEFAULT" />
97-->[com.google.android.gms:play-services-appinvite:9.4.0] AndroidManifest.xml:27:17-75
97-->[com.google.android.gms:play-services-appinvite:9.4.0] AndroidManifest.xml:27:27-73
98            </intent-filter>
99        </activity>
100        <activity
100-->[com.google.android.gms:play-services-auth:9.4.0] AndroidManifest.xml:21:9-24:46
101            android:name="com.google.android.gms.auth.api.signin.internal.SignInHubActivity"
101-->[com.google.android.gms:play-services-auth:9.4.0] AndroidManifest.xml:21:19-68
102            android:excludeFromRecents="true"
102-->[com.google.android.gms:play-services-auth:9.4.0] AndroidManifest.xml:23:19-52
103            android:exported="false"
103-->[com.google.android.gms:play-services-auth:9.4.0] AndroidManifest.xml:24:19-43
104            android:theme="@android:style/Theme.Translucent.NoTitleBar" />
104-->[com.google.android.gms:play-services-auth:9.4.0] AndroidManifest.xml:22:19-78
105        <!--
106Service handling Google Sign-In user revocation. For apps that do not integrate with
107            Google Sign-In, this service will never be started.
108        -->
109        <service
109-->[com.google.android.gms:play-services-auth:9.4.0] AndroidManifest.xml:28:9-31:110
110            android:name="com.google.android.gms.auth.api.signin.RevocationBoundService"
110-->[com.google.android.gms:play-services-auth:9.4.0] AndroidManifest.xml:29:13-58
111            android:exported="true"
111-->[com.google.android.gms:play-services-auth:9.4.0] AndroidManifest.xml:30:13-36
112            android:permission="com.google.android.gms.auth.api.signin.permission.REVOCATION_NOTIFICATION" />
112-->[com.google.android.gms:play-services-auth:9.4.0] AndroidManifest.xml:31:13-107
113        <service
113-->[com.google.firebase:firebase-crash:9.4.0] AndroidManifest.xml:26:9-27:50
114            android:name="com.google.firebase.crash.internal.service.FirebaseCrashReceiverService"
114-->[com.google.firebase:firebase-crash:9.4.0] AndroidManifest.xml:26:18-79
115            android:process=":background_crash" />
115-->[com.google.firebase:firebase-crash:9.4.0] AndroidManifest.xml:27:13-48
116        <service
116-->[com.google.firebase:firebase-crash:9.4.0] AndroidManifest.xml:29:9-30:50
117            android:name="com.google.firebase.crash.internal.service.FirebaseCrashSenderService"
117-->[com.google.firebase:firebase-crash:9.4.0] AndroidManifest.xml:29:18-77
118            android:process=":background_crash" />
118-->[com.google.firebase:firebase-crash:9.4.0] AndroidManifest.xml:30:13-48
119
120        <activity
120-->[com.google.android.gms:play-services-base:9.4.0] AndroidManifest.xml:20:9-22:45
121            android:name="com.google.android.gms.common.api.GoogleApiActivity"
121-->[com.google.android.gms:play-services-base:9.4.0] AndroidManifest.xml:20:19-85
122            android:exported="false"
122-->[com.google.android.gms:play-services-base:9.4.0] AndroidManifest.xml:22:19-43
123            android:theme="@android:style/Theme.Translucent.NoTitleBar" />
123-->[com.google.android.gms:play-services-base:9.4.0] AndroidManifest.xml:21:19-78
124        <!--
125 FirebaseMessagingService performs security checks at runtime,
126             no need for explicit permissions despite exported="true"
127        -->
128        <service
128-->[com.google.firebase:firebase-messaging:9.4.0] AndroidManifest.xml:24:9-30:19
129            android:name="com.google.firebase.messaging.FirebaseMessagingService"
129-->[com.google.firebase:firebase-messaging:9.4.0] AndroidManifest.xml:25:13-82
130            android:exported="true" >
130-->[com.google.firebase:firebase-messaging:9.4.0] AndroidManifest.xml:26:13-36
131            <intent-filter android:priority="-500" >
131-->[com.google.firebase:firebase-messaging:9.4.0] AndroidManifest.xml:27:13-29:29
131-->[com.google.firebase:firebase-messaging:9.4.0] AndroidManifest.xml:27:28-51
132                <action android:name="com.google.firebase.MESSAGING_EVENT" />
132-->[com.google.firebase:firebase-messaging:9.4.0] AndroidManifest.xml:28:17-78
132-->[com.google.firebase:firebase-messaging:9.4.0] AndroidManifest.xml:28:25-75
133            </intent-filter>
134        </service>
135        <service
135-->[com.google.android.gms:play-services-tagmanager-api:9.4.0] AndroidManifest.xml:25:9-27:42
136            android:name="com.google.android.gms.tagmanager.TagManagerService"
136-->[com.google.android.gms:play-services-tagmanager-api:9.4.0] AndroidManifest.xml:25:18-84
137            android:enabled="true"
137-->[com.google.android.gms:play-services-tagmanager-api:9.4.0] AndroidManifest.xml:27:17-39
138            android:exported="false" />
138-->[com.google.android.gms:play-services-tagmanager-api:9.4.0] AndroidManifest.xml:26:17-41
139
140        <activity
140-->[com.google.android.gms:play-services-tagmanager-api:9.4.0] AndroidManifest.xml:28:9-37:20
141            android:name="com.google.android.gms.tagmanager.TagManagerPreviewActivity"
141-->[com.google.android.gms:play-services-tagmanager-api:9.4.0] AndroidManifest.xml:29:13-87
142            android:noHistory="true" > <!-- optional, removes the previewActivity from the activity stack. -->
142-->[com.google.android.gms:play-services-tagmanager-api:9.4.0] AndroidManifest.xml:30:13-37
143            <intent-filter>
143-->[com.google.android.gms:play-services-tagmanager-api:9.4.0] AndroidManifest.xml:31:13-36:29
144                <data android:scheme="tagmanager.c.vyrus.bikegps" />
144-->[com.google.android.gms:play-services-tagmanager-api:9.4.0] AndroidManifest.xml:32:17-72
144-->[com.google.android.gms:play-services-tagmanager-api:9.4.0] AndroidManifest.xml:32:23-69
145
146                <action android:name="android.intent.action.VIEW" />
146-->[com.google.android.gms:play-services-tagmanager-api:9.4.0] AndroidManifest.xml:33:17-69
146-->[com.google.android.gms:play-services-tagmanager-api:9.4.0] AndroidManifest.xml:33:25-66
147
148                <category android:name="android.intent.category.DEFAULT" />
148-->[com.google.android.gms:play-services-appinvite:9.4.0] AndroidManifest.xml:27:17-75
148-->[com.google.android.gms:play-services-appinvite:9.4.0] AndroidManifest.xml:27:27-73
149                <category android:name="android.intent.category.BROWSABLE" />
149-->[com.google.android.gms:play-services-tagmanager-api:9.4.0] AndroidManifest.xml:35:17-77
149-->[com.google.android.gms:play-services-tagmanager-api:9.4.0] AndroidManifest.xml:35:27-75
150            </intent-filter>
151        </activity>
152
153        <receiver
153-->[com.google.firebase:firebase-analytics:9.4.0] AndroidManifest.xml:28:7-34:18
154            android:name="com.google.android.gms.measurement.AppMeasurementReceiver"
154-->[com.google.firebase:firebase-analytics:9.4.0] AndroidManifest.xml:29:11-83
155            android:enabled="true" >
155-->[com.google.firebase:firebase-analytics:9.4.0] AndroidManifest.xml:30:11-33
156            <intent-filter>
156-->[com.google.firebase:firebase-analytics:9.4.0] AndroidManifest.xml:31:9-33:25
157                <action android:name="com.google.android.gms.measurement.UPLOAD" />
157-->[com.google.firebase:firebase-analytics:9.4.0] AndroidManifest.xml:32:11-77
157-->[com.google.firebase:firebase-analytics:9.4.0] AndroidManifest.xml:32:19-75
158            </intent-filter>
159        </receiver>
160
161        <service
161-->[com.google.firebase:firebase-analytics:9.4.0] AndroidManifest.xml:36:7-39:37
162            android:name="com.google.android.gms.measurement.AppMeasurementService"
162-->[com.google.firebase:firebase-analytics:9.4.0] AndroidManifest.xml:37:11-82
163            android:enabled="true"
163-->[com.google.firebase:firebase-analytics:9.4.0] AndroidManifest.xml:38:11-33
164            android:exported="false" />
164-->[com.google.firebase:firebase-analytics:9.4.0] AndroidManifest.xml:39:11-35
165
166        <receiver
166-->[com.google.firebase:firebase-iid:9.4.0] AndroidManifest.xml:32:9-41:20
167            android:name="com.google.firebase.iid.FirebaseInstanceIdReceiver"
167-->[com.google.firebase:firebase-iid:9.4.0] AndroidManifest.xml:33:13-78
168            android:exported="true"
168-->[com.google.firebase:firebase-iid:9.4.0] AndroidManifest.xml:34:13-36
169            android:permission="com.google.android.c2dm.permission.SEND" >
169-->[com.google.firebase:firebase-iid:9.4.0] AndroidManifest.xml:35:13-73
170            <intent-filter>
170-->[com.google.firebase:firebase-iid:9.4.0] AndroidManifest.xml:36:13-40:29
171                <action android:name="com.google.android.c2dm.intent.RECEIVE" />
171-->[com.google.firebase:firebase-iid:9.4.0] AndroidManifest.xml:37:17-81
171-->[com.google.firebase:firebase-iid:9.4.0] AndroidManifest.xml:37:25-78
172                <action android:name="com.google.android.c2dm.intent.REGISTRATION" />
172-->[com.google.firebase:firebase-iid:9.4.0] AndroidManifest.xml:38:17-86
172-->[com.google.firebase:firebase-iid:9.4.0] AndroidManifest.xml:38:25-83
173
174                <category android:name="vyrus.bikegps" />
174-->[com.google.firebase:firebase-iid:9.4.0] AndroidManifest.xml:39:17-61
174-->[com.google.firebase:firebase-iid:9.4.0] AndroidManifest.xml:39:27-58
175            </intent-filter>
176        </receiver>
177        <!--
178 Internal (not exported) receiver used by the app to start its own exported services
179             without risk of being spoofed.
180        -->
181        <receiver
181-->[com.google.firebase:firebase-iid:9.4.0] AndroidManifest.xml:45:9-47:40
182            android:name="com.google.firebase.iid.FirebaseInstanceIdInternalReceiver"
182-->[com.google.firebase:firebase-iid:9.4.0] AndroidManifest.xml:46:13-86
183            android:exported="false" />
183-->[com.google.firebase:firebase-iid:9.4.0] AndroidManifest.xml:47:13-37
184        <!--
185 FirebaseInstanceIdService performs security checks at runtime,
186             no need for explicit permissions despite exported="true"
187        -->
188        <service
188-->[com.google.firebase:firebase-iid:9.4.0] AndroidManifest.xml:51:9-57:19
189            android:name="com.google.firebase.iid.FirebaseInstanceIdService"
189-->[com.google.firebase:firebase-iid:9.4.0] AndroidManifest.xml:52:13-77
190            android:exported="true" >
190-->[com.google.firebase:firebase-iid:9.4.0] AndroidManifest.xml:53:13-36
191            <intent-filter android:priority="-500" >
191-->[com.google.firebase:firebase-iid:9.4.0] AndroidManifest.xml:54:13-56:29
191-->[com.google.firebase:firebase-iid:9.4.0] AndroidManifest.xml:54:28-51
192                <action android:name="com.google.firebase.INSTANCE_ID_EVENT" />
192-->[com.google.firebase:firebase-iid:9.4.0] AndroidManifest.xml:55:17-80
192-->[com.google.firebase:firebase-iid:9.4.0] AndroidManifest.xml:55:25-77
193            </intent-filter>
194        </service>
195
196        <provider
196-->[com.google.firebase:firebase-common:9.4.0] AndroidManifest.xml:7:9-11:39
197            android:name="com.google.firebase.provider.FirebaseInitProvider"
197-->[com.google.firebase:firebase-common:9.4.0] AndroidManifest.xml:9:13-58
198            android:authorities="vyrus.bikegps.firebaseinitprovider"
198-->[com.google.firebase:firebase-common:9.4.0] AndroidManifest.xml:8:13-72
199            android:exported="false"
199-->[com.google.firebase:firebase-common:9.4.0] AndroidManifest.xml:10:13-37
200            android:initOrder="100" />
200-->[com.google.firebase:firebase-common:9.4.0] AndroidManifest.xml:11:13-36
201
202        <meta-data
202-->[com.google.android.gms:play-services-basement:9.4.0] AndroidManifest.xml:21:9-23:69
203            android:name="com.google.android.gms.version"
203-->[com.google.android.gms:play-services-basement:9.4.0] AndroidManifest.xml:22:13-58
204            android:value="@integer/google_play_services_version" />
204-->[com.google.android.gms:play-services-basement:9.4.0] AndroidManifest.xml:23:13-66
205    </application>
206
207</manifest>